<?xml version="1.0" encoding="UTF-8"?>
<!-- Generated by org.testng.reporters.JUnitXMLReporter -->
<testsuite ignored="1" hostname="prachi" failures="0" tests="2" name="Test" time="12.63" errors="0" timestamp="2024-05-24T08:51:21 IST">
  <testcase classname="cars.FerrariTest" name="launch" time="6.826"/>
  <testcase classname="cars.FordTest" name="launch" time="5.737"/>
  <testcase classname="cars.TataTest" name="launch" time="0.0">
    <ignored/>
  </testcase> <!-- launch -->
</testsuite> <!-- Test -->
