<?xml version="1.0" encoding="UTF-8"?>
<testng-results ignored="1" total="3" passed="2" failed="0" skipped="0">
  <reporter-output>
    <line>
      <![CDATA[Ferrai launched successful]]>
    </line>
    <line>
      <![CDATA[Ford launched successful]]>
    </line>
  </reporter-output>
  <suite started-at="2024-05-24T08:51:08 IST" name="Suite" finished-at="2024-05-24T08:51:21 IST" duration-ms="12630">
    <groups>
      <group name="Smoke">
        <method signature="FerrariTest.launch()[pri:0, instance:cars.FerrariTest@1c7696c6]" name="launch" class="cars.FerrariTest"/>
        <method signature="FordTest.launch()[pri:0, instance:cars.FordTest@54c5a2ff]" name="launch" class="cars.FordTest"/>
      </group> <!-- Smoke -->
    </groups>
    <test started-at="2024-05-24T08:51:08 IST" name="Test" finished-at="2024-05-24T08:51:21 IST" duration-ms="12630">
      <class name="cars.FerrariTest">
        <test-method signature="launch()[pri:0, instance:cars.FerrariTest@1c7696c6]" started-at="2024-05-24T08:51:08 IST" name="launch" finished-at="2024-05-24T08:51:15 IST" duration-ms="6826" status="PASS">
          <reporter-output>
            <line>
              <![CDATA[Ferrai launched successful]]>
            </line>
          </reporter-output>
        </test-method> <!-- launch -->
      </class> <!-- cars.FerrariTest -->
      <class name="cars.FordTest">
        <test-method signature="launch()[pri:0, instance:cars.FordTest@54c5a2ff]" started-at="2024-05-24T08:51:15 IST" name="launch" finished-at="2024-05-24T08:51:21 IST" duration-ms="5737" status="PASS">
          <reporter-output>
            <line>
              <![CDATA[Ford launched successful]]>
            </line>
          </reporter-output>
        </test-method> <!-- launch -->
      </class> <!-- cars.FordTest -->
    </test> <!-- Test -->
  </suite> <!-- Suite -->
</testng-results>
